<?xml version="1.0" encoding="UTF-8"?>
<testng-results skipped="0" failed="2" ignored="0" total="7" passed="5">
  <reporter-output>
  </reporter-output>
  <suite name="Suite" duration-ms="137870" started-at="2019-03-03T19:41:30Z" finished-at="2019-03-03T19:43:48Z">
    <groups>
    </groups>
    <test name="Test" duration-ms="137870" started-at="2019-03-03T19:41:30Z" finished-at="2019-03-03T19:43:48Z">
      <class name="com.qa.Guru99Assignment.Day2Assignment">
        <test-method status="PASS" signature="setUp()[pri:0, instance:com.qa.Guru99Assignment.Day2Assignment@1bce4f0a]" name="setUp" is-config="true" duration-ms="2518" started-at="2019-03-03T19:41:39Z" finished-at="2019-03-03T19:41:41Z">
          <reporter-output>
          </reporter-output>
        </test-method> <!-- setUp -->
        <test-method status="PASS" signature="day2TestCase2()[pri:0, instance:com.qa.Guru99Assignment.Day2Assignment@1bce4f0a]" name="day2TestCase2" duration-ms="6786" started-at="2019-03-03T19:41:41Z" finished-at="2019-03-03T19:41:48Z">
          <reporter-output>
          </reporter-output>
        </test-method> <!-- day2TestCase2 -->
        <test-method status="PASS" signature="tearDown()[pri:0, instance:com.qa.Guru99Assignment.Day2Assignment@1bce4f0a]" name="tearDown" is-config="true" duration-ms="755" started-at="2019-03-03T19:41:48Z" finished-at="2019-03-03T19:41:49Z">
          <reporter-output>
          </reporter-output>
        </test-method> <!-- tearDown -->
      </class> <!-- com.qa.Guru99Assignment.Day2Assignment -->
      <class name="com.qa.Guru99Assignment.Day6Assignment">
        <test-method status="PASS" signature="setUp()[pri:0, instance:com.qa.Guru99Assignment.Day6Assignment@604ed9f0]" name="setUp" is-config="true" duration-ms="2507" started-at="2019-03-03T19:42:46Z" finished-at="2019-03-03T19:42:49Z">
          <reporter-output>
          </reporter-output>
        </test-method> <!-- setUp -->
        <test-method status="PASS" signature="day6TestCase()[pri:0, instance:com.qa.Guru99Assignment.Day6Assignment@604ed9f0]" name="day6TestCase" duration-ms="38688" started-at="2019-03-03T19:42:49Z" finished-at="2019-03-03T19:43:28Z">
          <reporter-output>
          </reporter-output>
        </test-method> <!-- day6TestCase -->
        <test-method status="PASS" signature="tearDown()[pri:0, instance:com.qa.Guru99Assignment.Day6Assignment@604ed9f0]" name="tearDown" is-config="true" duration-ms="3851" started-at="2019-03-03T19:43:40Z" finished-at="2019-03-03T19:43:44Z">
          <reporter-output>
          </reporter-output>
        </test-method> <!-- tearDown -->
        <test-method status="PASS" signature="tearDown()[pri:0, instance:com.qa.Guru99Assignment.Day7Assignment@6a4f787b]" name="tearDown" is-config="true" duration-ms="3811" started-at="2019-03-03T19:43:44Z" finished-at="2019-03-03T19:43:48Z">
          <reporter-output>
          </reporter-output>
        </test-method> <!-- tearDown -->
      </class> <!-- com.qa.Guru99Assignment.Day6Assignment -->
      <class name="com.qa.Guru99Assignment.Day3Assignment">
        <test-method status="PASS" signature="setUp()[pri:0, instance:com.qa.Guru99Assignment.Day3Assignment@5e3a8624]" name="setUp" is-config="true" duration-ms="2511" started-at="2019-03-03T19:41:49Z" finished-at="2019-03-03T19:41:51Z">
          <reporter-output>
          </reporter-output>
        </test-method> <!-- setUp -->
        <test-method status="FAIL" signature="day3TestCase3()[pri:0, instance:com.qa.Guru99Assignment.Day3Assignment@5e3a8624]" name="day3TestCase3" duration-ms="17283" started-at="2019-03-03T19:41:51Z" finished-at="2019-03-03T19:42:09Z">
          <exception class="org.openqa.selenium.TimeoutException">
            <message>
              <![CDATA[timeout
  (Session info: chrome=72.0.3626.119)
  (Driver info: chromedriver=2.42.591088 (7b2b2dca23cca0862f674758c9a3933e685c27d5),platform=Windows NT 10.0.17763 x86_64) (WARNING: The server did not provide any stacktrace information)
Command duration or timeout: 0 milliseconds
Build info: version: '3.14.0', revision: 'aacccce0', time: '2018-08-02T20:19:58.91Z'
System info: host: 'BROWNSHOW', ip: '192.168.1.113', os.name: 'Windows 10', os.arch: 'amd64', os.version: '10.0', java.version: '1.8.0_181'
Driver info: org.openqa.selenium.chrome.ChromeDriver
Capabilities {acceptInsecureCerts: false, acceptSslCerts: false, applicationCacheEnabled: false, browserConnectionEnabled: false, browserName: chrome, chrome: {chromedriverVersion: 2.42.591088 (7b2b2dca23cca0..., userDataDir: C:\Users\FREERA~1\AppData\L...}, cssSelectorsEnabled: true, databaseEnabled: false, goog:chromeOptions: {debuggerAddress: localhost:53223}, handlesAlerts: true, hasTouchScreen: false, javascriptEnabled: true, locationContextEnabled: true, mobileEmulationEnabled: false, nativeEvents: true, networkConnectionEnabled: false, pageLoadStrategy: normal, platform: XP, platformName: XP, rotatable: false, setWindowRect: true, takesHeapSnapshot: true, takesScreenshot: true, unexpectedAlertBehaviour: , unhandledPromptBehavior: , version: 72.0.3626.119, webStorageEnabled: true}
Session ID: 57f05a5ceb60e3d33f06e193c9b17cb3]]>
            </message>
            <full-stacktrace>
              <![CDATA[org.openqa.selenium.TimeoutException: timeout
  (Session info: chrome=72.0.3626.119)
  (Driver info: chromedriver=2.42.591088 (7b2b2dca23cca0862f674758c9a3933e685c27d5),platform=Windows NT 10.0.17763 x86_64) (WARNING: The server did not provide any stacktrace information)
Command duration or timeout: 0 milliseconds
Build info: version: '3.14.0', revision: 'aacccce0', time: '2018-08-02T20:19:58.91Z'
System info: host: 'BROWNSHOW', ip: '192.168.1.113', os.name: 'Windows 10', os.arch: 'amd64', os.version: '10.0', java.version: '1.8.0_181'
Driver info: org.openqa.selenium.chrome.ChromeDriver
Capabilities {acceptInsecureCerts: false, acceptSslCerts: false, applicationCacheEnabled: false, browserConnectionEnabled: false, browserName: chrome, chrome: {chromedriverVersion: 2.42.591088 (7b2b2dca23cca0..., userDataDir: C:\Users\FREERA~1\AppData\L...}, cssSelectorsEnabled: true, databaseEnabled: false, goog:chromeOptions: {debuggerAddress: localhost:53223}, handlesAlerts: true, hasTouchScreen: false, javascriptEnabled: true, locationContextEnabled: true, mobileEmulationEnabled: false, nativeEvents: true, networkConnectionEnabled: false, pageLoadStrategy: normal, platform: XP, platformName: XP, rotatable: false, setWindowRect: true, takesHeapSnapshot: true, takesScreenshot: true, unexpectedAlertBehaviour: , unhandledPromptBehavior: , version: 72.0.3626.119, webStorageEnabled: true}
Session ID: 57f05a5ceb60e3d33f06e193c9b17cb3
at sun.reflect.NativeConstructorAccessorImpl.newInstance0(Native Method)
at sun.reflect.NativeConstructorAccessorImpl.newInstance(Unknown Source)
at sun.reflect.DelegatingConstructorAccessorImpl.newInstance(Unknown Source)
at java.lang.reflect.Constructor.newInstance(Unknown Source)
at org.openqa.selenium.remote.ErrorHandler.createThrowable(ErrorHandler.java:214)
at org.openqa.selenium.remote.ErrorHandler.throwIfResponseFailed(ErrorHandler.java:166)
at org.openqa.selenium.remote.http.JsonHttpResponseCodec.reconstructValue(JsonHttpResponseCodec.java:40)
at org.openqa.selenium.remote.http.AbstractHttpResponseCodec.decode(AbstractHttpResponseCodec.java:80)
at org.openqa.selenium.remote.http.AbstractHttpResponseCodec.decode(AbstractHttpResponseCodec.java:44)
at org.openqa.selenium.remote.HttpCommandExecutor.execute(HttpCommandExecutor.java:158)
at org.openqa.selenium.remote.service.DriverCommandExecutor.execute(DriverCommandExecutor.java:83)
at org.openqa.selenium.remote.RemoteWebDriver.execute(RemoteWebDriver.java:548)
at org.openqa.selenium.remote.RemoteWebElement.execute(RemoteWebElement.java:276)
at org.openqa.selenium.remote.RemoteWebElement.click(RemoteWebElement.java:83)
at com.qa.Guru99Assignment.Day3Assignment.day3TestCase3(Day3Assignment.java:39)
at sun.reflect.NativeMethodAccessorImpl.invoke0(Native Method)
at sun.reflect.NativeMethodAccessorImpl.invoke(Unknown Source)
at sun.reflect.DelegatingMethodAccessorImpl.invoke(Unknown Source)
at java.lang.reflect.Method.invoke(Unknown Source)
at org.testng.internal.MethodInvocationHelper.invokeMethod(MethodInvocationHelper.java:124)
at org.testng.internal.Invoker.invokeMethod(Invoker.java:583)
at org.testng.internal.Invoker.invokeTestMethod(Invoker.java:719)
at org.testng.internal.Invoker.invokeTestMethods(Invoker.java:989)
at org.testng.internal.TestMethodWorker.invokeTestMethods(TestMethodWorker.java:125)
at org.testng.internal.TestMethodWorker.run(TestMethodWorker.java:109)
at org.testng.TestRunner.privateRun(TestRunner.java:648)
at org.testng.TestRunner.run(TestRunner.java:505)
at org.testng.SuiteRunner.runTest(SuiteRunner.java:455)
at org.testng.SuiteRunner.runSequentially(SuiteRunner.java:450)
at org.testng.SuiteRunner.privateRun(SuiteRunner.java:415)
at org.testng.SuiteRunner.run(SuiteRunner.java:364)
at org.testng.SuiteRunnerWorker.runSuite(SuiteRunnerWorker.java:52)
at org.testng.SuiteRunnerWorker.run(SuiteRunnerWorker.java:84)
at org.testng.TestNG.runSuitesSequentially(TestNG.java:1208)
at org.testng.TestNG.runSuitesLocally(TestNG.java:1137)
at org.testng.TestNG.runSuites(TestNG.java:1049)
at org.testng.TestNG.run(TestNG.java:1017)
at org.testng.remote.AbstractRemoteTestNG.run(AbstractRemoteTestNG.java:114)
at org.testng.remote.RemoteTestNG.initAndRun(RemoteTestNG.java:251)
at org.testng.remote.RemoteTestNG.main(RemoteTestNG.java:77)
]]>
            </full-stacktrace>
          </exception> <!-- org.openqa.selenium.TimeoutException -->
          <reporter-output>
          </reporter-output>
        </test-method> <!-- day3TestCase3 -->
        <test-method status="PASS" signature="tearDown()[pri:0, instance:com.qa.Guru99Assignment.Day3Assignment@5e3a8624]" name="tearDown" is-config="true" duration-ms="762" started-at="2019-03-03T19:42:09Z" finished-at="2019-03-03T19:42:09Z">
          <reporter-output>
          </reporter-output>
        </test-method> <!-- tearDown -->
      </class> <!-- com.qa.Guru99Assignment.Day3Assignment -->
      <class name="com.qa.Guru99Assignment.Day5Assignment">
        <test-method status="PASS" signature="setUp()[pri:0, instance:com.qa.Guru99Assignment.Day5Assignment@91161c7]" name="setUp" is-config="true" duration-ms="2528" started-at="2019-03-03T19:42:37Z" finished-at="2019-03-03T19:42:39Z">
          <reporter-output>
          </reporter-output>
        </test-method> <!-- setUp -->
        <test-method status="FAIL" signature="day5TestCase()[pri:0, instance:com.qa.Guru99Assignment.Day5Assignment@91161c7]" name="day5TestCase" duration-ms="6343" started-at="2019-03-03T19:42:39Z" finished-at="2019-03-03T19:42:46Z">
          <exception class="org.openqa.selenium.NoSuchElementException">
            <message>
              <![CDATA[no such element: Unable to locate element: {"method":"xpath","selector":"//button[@type ='submit' and @title = 'Share Wishlist']"}
  (Session info: chrome=72.0.3626.119)
  (Driver info: chromedriver=2.42.591088 (7b2b2dca23cca0862f674758c9a3933e685c27d5),platform=Windows NT 10.0.17763 x86_64) (WARNING: The server did not provide any stacktrace information)
Command duration or timeout: 0 milliseconds
For documentation on this error, please visit: http://seleniumhq.org/exceptions/no_such_element.html
Build info: version: '3.14.0', revision: 'aacccce0', time: '2018-08-02T20:19:58.91Z'
System info: host: 'BROWNSHOW', ip: '192.168.1.113', os.name: 'Windows 10', os.arch: 'amd64', os.version: '10.0', java.version: '1.8.0_181'
Driver info: org.openqa.selenium.chrome.ChromeDriver
Capabilities {acceptInsecureCerts: false, acceptSslCerts: false, applicationCacheEnabled: false, browserConnectionEnabled: false, browserName: chrome, chrome: {chromedriverVersion: 2.42.591088 (7b2b2dca23cca0..., userDataDir: C:\Users\FREERA~1\AppData\L...}, cssSelectorsEnabled: true, databaseEnabled: false, goog:chromeOptions: {debuggerAddress: localhost:53352}, handlesAlerts: true, hasTouchScreen: false, javascriptEnabled: true, locationContextEnabled: true, mobileEmulationEnabled: false, nativeEvents: true, networkConnectionEnabled: false, pageLoadStrategy: normal, platform: XP, platformName: XP, rotatable: false, setWindowRect: true, takesHeapSnapshot: true, takesScreenshot: true, unexpectedAlertBehaviour: , unhandledPromptBehavior: , version: 72.0.3626.119, webStorageEnabled: true}
Session ID: 95402379d8d2858eeb52d08ff2ce0e29
*** Element info: {Using=xpath, value=//button[@type ='submit' and @title = 'Share Wishlist']}]]>
            </message>
            <full-stacktrace>
              <![CDATA[org.openqa.selenium.NoSuchElementException: no such element: Unable to locate element: {"method":"xpath","selector":"//button[@type ='submit' and @title = 'Share Wishlist']"}
  (Session info: chrome=72.0.3626.119)
  (Driver info: chromedriver=2.42.591088 (7b2b2dca23cca0862f674758c9a3933e685c27d5),platform=Windows NT 10.0.17763 x86_64) (WARNING: The server did not provide any stacktrace information)
Command duration or timeout: 0 milliseconds
For documentation on this error, please visit: http://seleniumhq.org/exceptions/no_such_element.html
Build info: version: '3.14.0', revision: 'aacccce0', time: '2018-08-02T20:19:58.91Z'
System info: host: 'BROWNSHOW', ip: '192.168.1.113', os.name: 'Windows 10', os.arch: 'amd64', os.version: '10.0', java.version: '1.8.0_181'
Driver info: org.openqa.selenium.chrome.ChromeDriver
Capabilities {acceptInsecureCerts: false, acceptSslCerts: false, applicationCacheEnabled: false, browserConnectionEnabled: false, browserName: chrome, chrome: {chromedriverVersion: 2.42.591088 (7b2b2dca23cca0..., userDataDir: C:\Users\FREERA~1\AppData\L...}, cssSelectorsEnabled: true, databaseEnabled: false, goog:chromeOptions: {debuggerAddress: localhost:53352}, handlesAlerts: true, hasTouchScreen: false, javascriptEnabled: true, locationContextEnabled: true, mobileEmulationEnabled: false, nativeEvents: true, networkConnectionEnabled: false, pageLoadStrategy: normal, platform: XP, platformName: XP, rotatable: false, setWindowRect: true, takesHeapSnapshot: true, takesScreenshot: true, unexpectedAlertBehaviour: , unhandledPromptBehavior: , version: 72.0.3626.119, webStorageEnabled: true}
Session ID: 95402379d8d2858eeb52d08ff2ce0e29
*** Element info: {Using=xpath, value=//button[@type ='submit' and @title = 'Share Wishlist']}
at sun.reflect.NativeConstructorAccessorImpl.newInstance0(Native Method)
at sun.reflect.NativeConstructorAccessorImpl.newInstance(Unknown Source)
at sun.reflect.DelegatingConstructorAccessorImpl.newInstance(Unknown Source)
at java.lang.reflect.Constructor.newInstance(Unknown Source)
at org.openqa.selenium.remote.ErrorHandler.createThrowable(ErrorHandler.java:214)
at org.openqa.selenium.remote.ErrorHandler.throwIfResponseFailed(ErrorHandler.java:166)
at org.openqa.selenium.remote.http.JsonHttpResponseCodec.reconstructValue(JsonHttpResponseCodec.java:40)
at org.openqa.selenium.remote.http.AbstractHttpResponseCodec.decode(AbstractHttpResponseCodec.java:80)
at org.openqa.selenium.remote.http.AbstractHttpResponseCodec.decode(AbstractHttpResponseCodec.java:44)
at org.openqa.selenium.remote.HttpCommandExecutor.execute(HttpCommandExecutor.java:158)
at org.openqa.selenium.remote.service.DriverCommandExecutor.execute(DriverCommandExecutor.java:83)
at org.openqa.selenium.remote.RemoteWebDriver.execute(RemoteWebDriver.java:548)
at org.openqa.selenium.remote.RemoteWebDriver.findElement(RemoteWebDriver.java:322)
at org.openqa.selenium.remote.RemoteWebDriver.findElementByXPath(RemoteWebDriver.java:424)
at org.openqa.selenium.By$ByXPath.findElement(By.java:353)
at org.openqa.selenium.remote.RemoteWebDriver.findElement(RemoteWebDriver.java:314)
at com.qa.Guru99Assignment.Day5Assignment.day5TestCase(Day5Assignment.java:72)
at sun.reflect.NativeMethodAccessorImpl.invoke0(Native Method)
at sun.reflect.NativeMethodAccessorImpl.invoke(Unknown Source)
at sun.reflect.DelegatingMethodAccessorImpl.invoke(Unknown Source)
at java.lang.reflect.Method.invoke(Unknown Source)
at org.testng.internal.MethodInvocationHelper.invokeMethod(MethodInvocationHelper.java:124)
at org.testng.internal.Invoker.invokeMethod(Invoker.java:583)
at org.testng.internal.Invoker.invokeTestMethod(Invoker.java:719)
at org.testng.internal.Invoker.invokeTestMethods(Invoker.java:989)
at org.testng.internal.TestMethodWorker.invokeTestMethods(TestMethodWorker.java:125)
at org.testng.internal.TestMethodWorker.run(TestMethodWorker.java:109)
at org.testng.TestRunner.privateRun(TestRunner.java:648)
at org.testng.TestRunner.run(TestRunner.java:505)
at org.testng.SuiteRunner.runTest(SuiteRunner.java:455)
at org.testng.SuiteRunner.runSequentially(SuiteRunner.java:450)
at org.testng.SuiteRunner.privateRun(SuiteRunner.java:415)
at org.testng.SuiteRunner.run(SuiteRunner.java:364)
at org.testng.SuiteRunnerWorker.runSuite(SuiteRunnerWorker.java:52)
at org.testng.SuiteRunnerWorker.run(SuiteRunnerWorker.java:84)
at org.testng.TestNG.runSuitesSequentially(TestNG.java:1208)
at org.testng.TestNG.runSuitesLocally(TestNG.java:1137)
at org.testng.TestNG.runSuites(TestNG.java:1049)
at org.testng.TestNG.run(TestNG.java:1017)
at org.testng.remote.AbstractRemoteTestNG.run(AbstractRemoteTestNG.java:114)
at org.testng.remote.RemoteTestNG.initAndRun(RemoteTestNG.java:251)
at org.testng.remote.RemoteTestNG.main(RemoteTestNG.java:77)
]]>
            </full-stacktrace>
          </exception> <!-- org.openqa.selenium.NoSuchElementException -->
          <reporter-output>
          </reporter-output>
        </test-method> <!-- day5TestCase -->
        <test-method status="PASS" signature="tearDown()[pri:0, instance:com.qa.Guru99Assignment.Day5Assignment@91161c7]" name="tearDown" is-config="true" duration-ms="725" started-at="2019-03-03T19:42:46Z" finished-at="2019-03-03T19:42:46Z">
          <reporter-output>
          </reporter-output>
        </test-method> <!-- tearDown -->
      </class> <!-- com.qa.Guru99Assignment.Day5Assignment -->
      <class name="com.qa.Guru99Assignment.Day4Assignment">
        <test-method status="PASS" signature="setUp()[pri:0, instance:com.qa.Guru99Assignment.Day4Assignment@5c3bd550]" name="setUp" is-config="true" duration-ms="2516" started-at="2019-03-03T19:42:09Z" finished-at="2019-03-03T19:42:12Z">
          <reporter-output>
          </reporter-output>
        </test-method> <!-- setUp -->
        <test-method status="PASS" signature="day4TestCase()[pri:0, instance:com.qa.Guru99Assignment.Day4Assignment@5c3bd550]" name="day4TestCase" duration-ms="24065" started-at="2019-03-03T19:42:12Z" finished-at="2019-03-03T19:42:36Z">
          <reporter-output>
          </reporter-output>
        </test-method> <!-- day4TestCase -->
        <test-method status="PASS" signature="tearDown()[pri:0, instance:com.qa.Guru99Assignment.Day4Assignment@5c3bd550]" name="tearDown" is-config="true" duration-ms="743" started-at="2019-03-03T19:42:36Z" finished-at="2019-03-03T19:42:37Z">
          <reporter-output>
          </reporter-output>
        </test-method> <!-- tearDown -->
      </class> <!-- com.qa.Guru99Assignment.Day4Assignment -->
      <class name="com.qa.Guru99Assignment.Day1TestNG">
        <test-method status="PASS" signature="setUp()[pri:0, instance:com.qa.Guru99Assignment.Day1TestNG@3bfdc050]" name="setUp" is-config="true" duration-ms="3359" started-at="2019-03-03T19:41:30Z" finished-at="2019-03-03T19:41:34Z">
          <reporter-output>
          </reporter-output>
        </test-method> <!-- setUp -->
        <test-method status="PASS" signature="day1TestCase1()[pri:0, instance:com.qa.Guru99Assignment.Day1TestNG@3bfdc050]" name="day1TestCase1" duration-ms="4553" started-at="2019-03-03T19:41:34Z" finished-at="2019-03-03T19:41:38Z">
          <reporter-output>
          </reporter-output>
        </test-method> <!-- day1TestCase1 -->
        <test-method status="PASS" signature="tearDown()[pri:0, instance:com.qa.Guru99Assignment.Day1TestNG@3bfdc050]" name="tearDown" is-config="true" duration-ms="745" started-at="2019-03-03T19:41:38Z" finished-at="2019-03-03T19:41:39Z">
          <reporter-output>
          </reporter-output>
        </test-method> <!-- tearDown -->
      </class> <!-- com.qa.Guru99Assignment.Day1TestNG -->
      <class name="com.qa.Guru99Assignment.Day7Assignment">
        <test-method status="PASS" signature="setUp()[pri:0, instance:com.qa.Guru99Assignment.Day7Assignment@6a4f787b]" name="setUp" is-config="true" duration-ms="2559" started-at="2019-03-03T19:43:28Z" finished-at="2019-03-03T19:43:30Z">
          <reporter-output>
          </reporter-output>
        </test-method> <!-- setUp -->
        <test-method status="PASS" signature="day7TestCase()[pri:0, instance:com.qa.Guru99Assignment.Day7Assignment@6a4f787b]" name="day7TestCase" duration-ms="10211" started-at="2019-03-03T19:43:30Z" finished-at="2019-03-03T19:43:40Z">
          <reporter-output>
          </reporter-output>
        </test-method> <!-- day7TestCase -->
      </class> <!-- com.qa.Guru99Assignment.Day7Assignment -->
    </test> <!-- Test -->
  </suite> <!-- Suite -->
</testng-results>
